[INFO] Scanning for projects...
[INFO] 
[INFO] -------------------< cs.msu.edu:csci-468-spring2022 >-------------------
[INFO] Building csci-468-spring2022 1.0-SNAPSHOT
[INFO]   from pom.xml
[INFO] --------------------------------[ jar ]---------------------------------
[INFO] 
[INFO] --- resources:3.3.1:resources (default-resources) @ csci-468-spring2022 ---
[WARNING] Using platform encoding (UTF-8 actually) to copy filtered resources, i.e. build is platform dependent!
[INFO] Copying 5 resources from src/main/resources to target/classes
[INFO] 
[INFO] --- compiler:3.1:compile (default-compile) @ csci-468-spring2022 ---
[INFO] Nothing to compile - all classes are up to date
[INFO] 
[INFO] --- resources:3.3.1:testResources (default-testResources) @ csci-468-spring2022 ---
[WARNING] Using platform encoding (UTF-8 actually) to copy filtered resources, i.e. build is platform dependent!
[INFO] skip non existing resourceDirectory /Users/carson/Projects/msu/csci-468-spring2024/grading/scripts/repos/diego_menegaz/src/test/resources
[INFO] 
[INFO] --- compiler:3.1:testCompile (default-testCompile) @ csci-468-spring2022 ---
[INFO] Nothing to compile - all classes are up to date
[INFO] 
[INFO] --- surefire:2.22.1:test (default-test) @ csci-468-spring2022 ---
[INFO] 
[INFO] -------------------------------------------------------
[INFO]  T E S T S
[INFO] -------------------------------------------------------
[INFO] Running edu.montana.csci.csci468.tokenizer.CatScriptTokenizerTest
[INFO] Tests run: 16, Failures: 0, Errors: 0, Skipped: 0, Time elapsed: 0.03 s - in edu.montana.csci.csci468.tokenizer.CatScriptTokenizerTest
[INFO] Running edu.montana.csci.csci468.parser.CatscriptParserStatementsTest
[ERROR] Tests run: 21, Failures: 0, Errors: 13, Skipped: 0, Time elapsed: 0.013 s <<< FAILURE! - in edu.montana.csci.csci468.parser.CatscriptParserStatementsTest
[ERROR] functionDefStatement  Time elapsed: 0 s  <<< ERROR!
java.lang.IllegalArgumentException: count is negative: -1
	at edu.montana.csci.csci468.parser.CatscriptParserStatementsTest.functionDefStatement(CatscriptParserStatementsTest.java:144)

[ERROR] functionCallStatement  Time elapsed: 0 s  <<< ERROR!
java.lang.ClassCastException: class edu.montana.csci.csci468.parser.statements.AssignmentStatement cannot be cast to class edu.montana.csci.csci468.parser.statements.FunctionCallStatement (edu.montana.csci.csci468.parser.statements.AssignmentStatement and edu.montana.csci.csci468.parser.statements.FunctionCallStatement are in unnamed module of loader 'app')
	at edu.montana.csci.csci468.parser.CatscriptParserStatementsTest.functionCallStatement(CatscriptParserStatementsTest.java:136)

[ERROR] functionDefWithParamsStatement  Time elapsed: 0.001 s  <<< ERROR!
java.lang.IllegalArgumentException: count is negative: -1
	at edu.montana.csci.csci468.parser.CatscriptParserStatementsTest.functionDefWithParamsStatement(CatscriptParserStatementsTest.java:152)

[ERROR] varStatementWithListType  Time elapsed: 0.001 s  <<< ERROR!
edu.montana.csci.csci468.parser.ParseErrorException: 
Parse Errors Occurred:

Line 1:var x : list<int> = [1, 2, 3]
             ^

Error: Unexpected Token

Line 1:var x : list<int> = [1, 2, 3]
             ^

Error: Unexpected Token

Line 1:var x : list<int> = [1, 2, 3]
            ^

Error: This symbol is not defined

Line 1:var x : list<int> = [1, 2, 3]
                 ^

Error: Unexpected Token

Line 1:var x : list<int> = [1, 2, 3]
                   ^

Error: Unexpected Token

Line 1:var x : list<int> = [1, 2, 3]
                    ^

Error: Unexpected Token

Line 1:var x : list<int> = [1, 2, 3]
                     ^

Error: Unexpected Token

Line 1:var x : list<int> = [1, 2, 3]
                       ^

Error: Unexpected Token

Line 1:var x : list<int> = [1, 2, 3]
                        ^

Error: Unexpected Token

Line 1:var x : list<int> = [1, 2, 3]
                          ^

Error: Unexpected Token

Line 1:var x : list<int> = [1, 2, 3]
                           ^

Error: Unexpected Token


	at edu.montana.csci.csci468.parser.CatscriptParserStatementsTest.varStatementWithListType(CatscriptParserStatementsTest.java:119)

[ERROR] ifStatementParses  Time elapsed: 0.001 s  <<< ERROR!
java.lang.ClassCastException: class edu.montana.csci.csci468.parser.statements.SyntaxErrorStatement cannot be cast to class edu.montana.csci.csci468.parser.statements.IfStatement (edu.montana.csci.csci468.parser.statements.SyntaxErrorStatement and edu.montana.csci.csci468.parser.statements.IfStatement are in unnamed module of loader 'app')
	at edu.montana.csci.csci468.parser.CatscriptParserStatementsTest.ifStatementParses(CatscriptParserStatementsTest.java:43)

[ERROR] ifStatementWithElseParses  Time elapsed: 0.001 s  <<< ERROR!
java.lang.ClassCastException: class edu.montana.csci.csci468.parser.statements.SyntaxErrorStatement cannot be cast to class edu.montana.csci.csci468.parser.statements.IfStatement (edu.montana.csci.csci468.parser.statements.SyntaxErrorStatement and edu.montana.csci.csci468.parser.statements.IfStatement are in unnamed module of loader 'app')
	at edu.montana.csci.csci468.parser.CatscriptParserStatementsTest.ifStatementWithElseParses(CatscriptParserStatementsTest.java:59)

[ERROR] ifStatementEnsuresClosingBrace  Time elapsed: 0 s  <<< ERROR!
java.lang.ClassCastException: class edu.montana.csci.csci468.parser.statements.SyntaxErrorStatement cannot be cast to class edu.montana.csci.csci468.parser.statements.IfStatement (edu.montana.csci.csci468.parser.statements.SyntaxErrorStatement and edu.montana.csci.csci468.parser.statements.IfStatement are in unnamed module of loader 'app')
	at edu.montana.csci.csci468.parser.CatscriptParserStatementsTest.ifStatementEnsuresClosingBrace(CatscriptParserStatementsTest.java:52)

[ERROR] forStatementEnsuresClosingBrace  Time elapsed: 0.001 s  <<< ERROR!
java.lang.ClassCastException: class edu.montana.csci.csci468.parser.statements.SyntaxErrorStatement cannot be cast to class edu.montana.csci.csci468.parser.statements.ForStatement (edu.montana.csci.csci468.parser.statements.SyntaxErrorStatement and edu.montana.csci.csci468.parser.statements.ForStatement are in unnamed module of loader 'app')
	at edu.montana.csci.csci468.parser.CatscriptParserStatementsTest.forStatementEnsuresClosingBrace(CatscriptParserStatementsTest.java:36)

[ERROR] functionDefWithParamTypesStatement  Time elapsed: 0.001 s  <<< ERROR!
java.lang.IllegalArgumentException: count is negative: -1
	at edu.montana.csci.csci468.parser.CatscriptParserStatementsTest.functionDefWithParamTypesStatement(CatscriptParserStatementsTest.java:166)

[ERROR] elseStatementEnsuresClosingBrace  Time elapsed: 0 s  <<< ERROR!
java.lang.ClassCastException: class edu.montana.csci.csci468.parser.statements.SyntaxErrorStatement cannot be cast to class edu.montana.csci.csci468.parser.statements.IfStatement (edu.montana.csci.csci468.parser.statements.SyntaxErrorStatement and edu.montana.csci.csci468.parser.statements.IfStatement are in unnamed module of loader 'app')
	at edu.montana.csci.csci468.parser.CatscriptParserStatementsTest.elseStatementEnsuresClosingBrace(CatscriptParserStatementsTest.java:68)

[ERROR] returnStatementNoExprInFunction  Time elapsed: 0.001 s  <<< ERROR!
java.lang.IllegalArgumentException: count is negative: -1
	at edu.montana.csci.csci468.parser.CatscriptParserStatementsTest.returnStatementNoExprInFunction(CatscriptParserStatementsTest.java:180)

[ERROR] returnStatementExprInFunction  Time elapsed: 0.001 s  <<< ERROR!
java.lang.IllegalArgumentException: count is negative: -1
	at edu.montana.csci.csci468.parser.CatscriptParserStatementsTest.returnStatementExprInFunction(CatscriptParserStatementsTest.java:189)

[ERROR] forStatementParses  Time elapsed: 0.001 s  <<< ERROR!
edu.montana.csci.csci468.parser.ParseErrorException: 
Parse Errors Occurred:

Line 1:for(x in [1, 2, 3]){ print(x) }
    ^

Error: Unexpected Token

Line 1:for(x in [1, 2, 3]){ print(x) }
       ^

Error: Unexpected Token

Line 1:for(x in [1, 2, 3]){ print(x) }
        ^

Error: This symbol is not defined

Line 1:for(x in [1, 2, 3]){ print(x) }
                    ^

Error: Unexpected Token

Line 1:for(x in [1, 2, 3]){ print(x) }
                     ^

Error: Unexpected Token

Line 1:for(x in [1, 2, 3]){ print(x) }
                      ^

Error: Unexpected Token

Line 1:for(x in [1, 2, 3]){ print(x) }
                          ^

Error: This symbol is not defined

Line 1:for(x in [1, 2, 3]){ print(x) }
                             ^

Error: Unexpected Token


	at edu.montana.csci.csci468.parser.CatscriptParserStatementsTest.forStatementParses(CatscriptParserStatementsTest.java:27)

[INFO] Running edu.montana.csci.csci468.parser.CatscriptParserTypeCheckingTest
[ERROR] Tests run: 10, Failures: 2, Errors: 4, Skipped: 0, Time elapsed: 0.002 s <<< FAILURE! - in edu.montana.csci.csci468.parser.CatscriptParserTypeCheckingTest
[ERROR] functionCallsWorkProperly  Time elapsed: 0 s  <<< ERROR!
java.lang.IllegalArgumentException: count is negative: -1
	at edu.montana.csci.csci468.parser.CatscriptParserTypeCheckingTest.functionCallsWorkProperly(CatscriptParserTypeCheckingTest.java:38)

[ERROR] identifiersWorkProperly  Time elapsed: 0 s  <<< ERROR!
edu.montana.csci.csci468.parser.ParseErrorException: 
Parse Errors Occurred:

Line 1:var x = 1 print( x )
                 ^

Error: This symbol is not defined


	at edu.montana.csci.csci468.parser.CatscriptParserTypeCheckingTest.identifiersWorkProperly(CatscriptParserTypeCheckingTest.java:32)

[ERROR] typeInferenceWorksForVars  Time elapsed: 0 s  <<< FAILURE!
org.opentest4j.AssertionFailedError: expected: <int> but was: <null>
	at edu.montana.csci.csci468.parser.CatscriptParserTypeCheckingTest.typeInferenceWorksForVars(CatscriptParserTypeCheckingTest.java:45)

[ERROR] assignmentTypeError  Time elapsed: 0 s  <<< FAILURE!
org.opentest4j.AssertionFailedError: expected: <Incompatible types> but was: <This symbol is not defined>
	at edu.montana.csci.csci468.parser.CatscriptParserTypeCheckingTest.assignmentTypeError(CatscriptParserTypeCheckingTest.java:55)

[ERROR] testBasicExpressionsHaveProperType  Time elapsed: 0.001 s  <<< ERROR!
edu.montana.csci.csci468.parser.ParseErrorException: 
Parse Errors Occurred:

Line 1:"" + 1
      ^

Error: Unexpected Token

Line 1:"" + 1
      ^

Error: Incompatible types


	at edu.montana.csci.csci468.parser.CatscriptParserTypeCheckingTest.testBasicExpressionsHaveProperType(CatscriptParserTypeCheckingTest.java:22)

[ERROR] varTypeError  Time elapsed: 0.001 s  <<< ERROR!
java.lang.IllegalStateException: The code var x : bool = 10 did not throw an error!
	at edu.montana.csci.csci468.parser.CatscriptParserTypeCheckingTest.varTypeError(CatscriptParserTypeCheckingTest.java:50)

[INFO] Running edu.montana.csci.csci468.parser.CatscriptParserErrorsTest
[INFO] Tests run: 1, Failures: 0, Errors: 0, Skipped: 0, Time elapsed: 0 s - in edu.montana.csci.csci468.parser.CatscriptParserErrorsTest
[INFO] Running edu.montana.csci.csci468.parser.CatscriptParserSymbolCheckingTest
[ERROR] Tests run: 8, Failures: 1, Errors: 7, Skipped: 0, Time elapsed: 0.002 s <<< FAILURE! - in edu.montana.csci.csci468.parser.CatscriptParserSymbolCheckingTest
[ERROR] paramsConflictWithGlobalVars  Time elapsed: 0 s  <<< ERROR!
java.lang.IllegalArgumentException: count is negative: -1
	at edu.montana.csci.csci468.parser.CatscriptParserSymbolCheckingTest.paramsConflictWithGlobalVars(CatscriptParserSymbolCheckingTest.java:46)

[ERROR] ifStatementBranchesDoNotConflic  Time elapsed: 0 s  <<< ERROR!
edu.montana.csci.csci468.parser.ParseErrorException: 
Parse Errors Occurred:

Line 1:if(true){ var x = 10 } else { var x = true }
     ^

Error: Unexpected Token

Line 1:if(true){ var x = 10 } else { var x = true }
       ^

Error: Unexpected Token

Line 1:if(true){ var x = 10 } else { var x = true }
     ^

Error: Unexpected Token

Line 1:if(true){ var x = 10 } else { var x = true }
         ^

Error: Unexpected Token

Line 1:if(true){ var x = 10 } else { var x = true }
          ^

Error: Unexpected Token

Line 1:if(true){ var x = 10 } else { var x = true }
                    ^

Error: Unexpected Token

Line 1:if(true){ var x = 10 } else { var x = true }
                   ^

Error: Unexpected Token

Line 1:if(true){ var x = 10 } else { var x = true }
                        ^

Error: Unexpected Token

Line 1:if(true){ var x = 10 } else { var x = true }
                                  ^

Error: Unexpected Token


	at edu.montana.csci.csci468.parser.CatscriptParserSymbolCheckingTest.ifStatementBranchesDoNotConflic(CatscriptParserSymbolCheckingTest.java:59)

[ERROR] paramsDoNotConflictWithEachOther  Time elapsed: 0 s  <<< ERROR!
java.lang.IllegalArgumentException: count is negative: -1
	at edu.montana.csci.csci468.parser.CatscriptParserSymbolCheckingTest.paramsDoNotConflictWithEachOther(CatscriptParserSymbolCheckingTest.java:52)

[ERROR] duplicateVarsErrors  Time elapsed: 0 s  <<< ERROR!
java.lang.IllegalStateException: 
The code var x = 10
var x = 12 did not throw an error!
	at edu.montana.csci.csci468.parser.CatscriptParserSymbolCheckingTest.duplicateVarsErrors(CatscriptParserSymbolCheckingTest.java:16)

[ERROR] functionVarConflict  Time elapsed: 0 s  <<< ERROR!
java.lang.IllegalArgumentException: count is negative: -1
	at edu.montana.csci.csci468.parser.CatscriptParserSymbolCheckingTest.functionVarConflict(CatscriptParserSymbolCheckingTest.java:28)

[ERROR] functionFunctionConflict  Time elapsed: 0 s  <<< ERROR!
java.lang.IllegalArgumentException: count is negative: -1
	at edu.montana.csci.csci468.parser.CatscriptParserSymbolCheckingTest.functionFunctionConflict(CatscriptParserSymbolCheckingTest.java:34)

[ERROR] varFunctionConflict  Time elapsed: 0.001 s  <<< ERROR!
java.lang.IllegalArgumentException: count is negative: -1
	at edu.montana.csci.csci468.parser.CatscriptParserSymbolCheckingTest.varFunctionConflict(CatscriptParserSymbolCheckingTest.java:22)

[ERROR] forVarConflict  Time elapsed: 0 s  <<< FAILURE!
org.opentest4j.AssertionFailedError: expected: <This name is already used in this program> but was: <Unexpected Token>
	at edu.montana.csci.csci468.parser.CatscriptParserSymbolCheckingTest.forVarConflict(CatscriptParserSymbolCheckingTest.java:40)

[INFO] Running edu.montana.csci.csci468.parser.CatscriptParserExpressionsTest
[INFO] Tests run: 29, Failures: 0, Errors: 0, Skipped: 0, Time elapsed: 0.013 s - in edu.montana.csci.csci468.parser.CatscriptParserExpressionsTest
[INFO] Running edu.montana.csci.csci468.eval.CatscriptStatementExecutionTest
[ERROR] Tests run: 9, Failures: 0, Errors: 9, Skipped: 0, Time elapsed: 0.003 s <<< FAILURE! - in edu.montana.csci.csci468.eval.CatscriptStatementExecutionTest
[ERROR] recursiveFunctionWorksProperly  Time elapsed: 0 s  <<< ERROR!
java.lang.NullPointerException: Cannot invoke "edu.montana.csci.csci468.parser.CatscriptType.equals(Object)" because the return value of "edu.montana.csci.csci468.parser.expressions.Expression.getType()" is null
	at edu.montana.csci.csci468.eval.CatscriptStatementExecutionTest.recursiveFunctionWorksProperly(CatscriptStatementExecutionTest.java:75)

[ERROR] localVarStatementsWorkProperly  Time elapsed: 0 s  <<< ERROR!
edu.montana.csci.csci468.parser.ParseErrorException: 
Parse Errors Occurred:

Line 1:for( x in [1, 2, 3] ) {
    ^

Error: Unexpected Token

Line 1:for( x in [1, 2, 3] ) {
       ^

Error: Unexpected Token

Line 1:for( x in [1, 2, 3] ) {
         ^

Error: This symbol is not defined

Line 1:for( x in [1, 2, 3] ) {
                     ^

Error: Unexpected Token

Line 1:for( x in [1, 2, 3] ) {
                       ^

Error: Unexpected Token

Line 1:for( x in [1, 2, 3] ) {
                         ^

Error: Unexpected Token

Line 2:  var y = x
              ^

Error: This symbol is not defined

Line 3:  print(y)
          ^

Error: This symbol is not defined

Line 4:}
      ^

Error: Unexpected Token


	at edu.montana.csci.csci468.eval.CatscriptStatementExecutionTest.localVarStatementsWorkProperly(CatscriptStatementExecutionTest.java:43)

[ERROR] varStatementWorksProperly  Time elapsed: 0 s  <<< ERROR!
edu.montana.csci.csci468.parser.ParseErrorException: 
Parse Errors Occurred:

Line 2:print(x)
        ^

Error: This symbol is not defined


	at edu.montana.csci.csci468.eval.CatscriptStatementExecutionTest.varStatementWorksProperly(CatscriptStatementExecutionTest.java:32)

[ERROR] functionDeclarationWorksProperly  Time elapsed: 0 s  <<< ERROR!
java.lang.IllegalArgumentException: count is negative: -1
	at edu.montana.csci.csci468.eval.CatscriptStatementExecutionTest.functionDeclarationWorksProperly(CatscriptStatementExecutionTest.java:66)

[ERROR] returnStatementWorks  Time elapsed: 0.001 s  <<< ERROR!
java.lang.IllegalArgumentException: count is negative: -1
	at edu.montana.csci.csci468.eval.CatscriptStatementExecutionTest.returnStatementWorks(CatscriptStatementExecutionTest.java:88)

[ERROR] varInsideFunctionWorksProperly  Time elapsed: 0 s  <<< ERROR!
java.lang.IllegalArgumentException: count is negative: -1
	at edu.montana.csci.csci468.eval.CatscriptStatementExecutionTest.varInsideFunctionWorksProperly(CatscriptStatementExecutionTest.java:51)

[ERROR] ifStatementWorksProperly  Time elapsed: 0 s  <<< ERROR!
edu.montana.csci.csci468.parser.ParseErrorException: 
Parse Errors Occurred:

Line 1:if(true){ print(1) }
     ^

Error: Unexpected Token

Line 1:if(true){ print(1) }
       ^

Error: Unexpected Token

Line 1:if(true){ print(1) }
     ^

Error: Unexpected Token

Line 1:if(true){ print(1) }
         ^

Error: Unexpected Token

Line 1:if(true){ print(1) }
          ^

Error: Unexpected Token

Line 1:if(true){ print(1) }
                 ^

Error: Unexpected Token


	at edu.montana.csci.csci468.eval.CatscriptStatementExecutionTest.ifStatementWorksProperly(CatscriptStatementExecutionTest.java:24)

[ERROR] forStatementWorksProperly  Time elapsed: 0.001 s  <<< ERROR!
edu.montana.csci.csci468.parser.ParseErrorException: 
Parse Errors Occurred:

Line 1:for(x in [1, 2, 3]) { print(x) }
    ^

Error: Unexpected Token

Line 1:for(x in [1, 2, 3]) { print(x) }
       ^

Error: Unexpected Token

Line 1:for(x in [1, 2, 3]) { print(x) }
        ^

Error: This symbol is not defined

Line 1:for(x in [1, 2, 3]) { print(x) }
                    ^

Error: Unexpected Token

Line 1:for(x in [1, 2, 3]) { print(x) }
                     ^

Error: Unexpected Token

Line 1:for(x in [1, 2, 3]) { print(x) }
                       ^

Error: Unexpected Token

Line 1:for(x in [1, 2, 3]) { print(x) }
                           ^

Error: This symbol is not defined

Line 1:for(x in [1, 2, 3]) { print(x) }
                              ^

Error: Unexpected Token


	at edu.montana.csci.csci468.eval.CatscriptStatementExecutionTest.forStatementWorksProperly(CatscriptStatementExecutionTest.java:61)

[ERROR] printStatementWorksProperly  Time elapsed: 0.001 s  <<< ERROR!
java.lang.UnsupportedOperationException: evaluate needs to be implemented for edu.montana.csci.csci468.parser.expressions.BooleanLiteralExpression
	at edu.montana.csci.csci468.eval.CatscriptStatementExecutionTest.printStatementWorksProperly(CatscriptStatementExecutionTest.java:18)

[INFO] Running edu.montana.csci.csci468.eval.CatscriptBasicExpressionEvalTest
[ERROR] Tests run: 8, Failures: 0, Errors: 6, Skipped: 0, Time elapsed: 0.025 s <<< FAILURE! - in edu.montana.csci.csci468.eval.CatscriptBasicExpressionEvalTest
[ERROR] comparisonExpressionEvaluatesProperly  Time elapsed: 0 s  <<< ERROR!
java.lang.UnsupportedOperationException: evaluate needs to be implemented for edu.montana.csci.csci468.parser.expressions.ComparisonExpression
	at edu.montana.csci.csci468.eval.CatscriptBasicExpressionEvalTest.comparisonExpressionEvaluatesProperly(CatscriptBasicExpressionEvalTest.java:51)

[ERROR] factorExpressionEvaluatesProperly  Time elapsed: 0 s  <<< ERROR!
java.lang.UnsupportedOperationException: evaluate needs to be implemented for edu.montana.csci.csci468.parser.expressions.FactorExpression
	at edu.montana.csci.csci468.eval.CatscriptBasicExpressionEvalTest.factorExpressionEvaluatesProperly(CatscriptBasicExpressionEvalTest.java:29)

[ERROR] equalityExpressionEvaluatesProperly  Time elapsed: 0 s  <<< ERROR!
java.lang.UnsupportedOperationException: evaluate needs to be implemented for edu.montana.csci.csci468.parser.expressions.EqualityExpression
	at edu.montana.csci.csci468.eval.CatscriptBasicExpressionEvalTest.equalityExpressionEvaluatesProperly(CatscriptBasicExpressionEvalTest.java:69)

[ERROR] additiveStringExpressionEvaluatesProperly  Time elapsed: 0.024 s  <<< ERROR!
java.lang.UnsupportedOperationException: evaluate needs to be implemented for edu.montana.csci.csci468.parser.expressions.StringLiteralExpression
	at edu.montana.csci.csci468.eval.CatscriptBasicExpressionEvalTest.additiveStringExpressionEvaluatesProperly(CatscriptBasicExpressionEvalTest.java:43)

[ERROR] unaryExpressionEvaluatesProperly  Time elapsed: 0 s  <<< ERROR!
java.lang.UnsupportedOperationException: evaluate needs to be implemented for edu.montana.csci.csci468.parser.expressions.BooleanLiteralExpression
	at edu.montana.csci.csci468.eval.CatscriptBasicExpressionEvalTest.unaryExpressionEvaluatesProperly(CatscriptBasicExpressionEvalTest.java:24)

[ERROR] literalExpressionsEvaluatesProperly  Time elapsed: 0.001 s  <<< ERROR!
java.lang.UnsupportedOperationException: evaluate needs to be implemented for edu.montana.csci.csci468.parser.expressions.BooleanLiteralExpression
	at edu.montana.csci.csci468.eval.CatscriptBasicExpressionEvalTest.literalExpressionsEvaluatesProperly(CatscriptBasicExpressionEvalTest.java:15)

[INFO] Running edu.montana.csci.csci468.eval.CatscriptFunctionArgsAndReturnEvalTest
[ERROR] Tests run: 14, Failures: 0, Errors: 14, Skipped: 0, Time elapsed: 0.004 s <<< FAILURE! - in edu.montana.csci.csci468.eval.CatscriptFunctionArgsAndReturnEvalTest
[ERROR] listTypeWithComponentTypeArgWorksProperly  Time elapsed: 0 s  <<< ERROR!
java.lang.NullPointerException: Cannot invoke "edu.montana.csci.csci468.parser.CatscriptType.equals(Object)" because the return value of "edu.montana.csci.csci468.parser.expressions.Expression.getType()" is null
	at edu.montana.csci.csci468.eval.CatscriptFunctionArgsAndReturnEvalTest.listTypeWithComponentTypeArgWorksProperly(CatscriptFunctionArgsAndReturnEvalTest.java:56)

[ERROR] stringTypeArgWorksProperly  Time elapsed: 0 s  <<< ERROR!
java.lang.IllegalArgumentException: count is negative: -1
	at edu.montana.csci.csci468.eval.CatscriptFunctionArgsAndReturnEvalTest.stringTypeArgWorksProperly(CatscriptFunctionArgsAndReturnEvalTest.java:44)

[ERROR] noTypeArgWorksProperly  Time elapsed: 0 s  <<< ERROR!
java.lang.IllegalArgumentException: count is negative: -1
	at edu.montana.csci.csci468.eval.CatscriptFunctionArgsAndReturnEvalTest.noTypeArgWorksProperly(CatscriptFunctionArgsAndReturnEvalTest.java:20)

[ERROR] mutliArgumentFunctionsWork  Time elapsed: 0 s  <<< ERROR!
java.lang.IllegalArgumentException: count is negative: -1
	at edu.montana.csci.csci468.eval.CatscriptFunctionArgsAndReturnEvalTest.mutliArgumentFunctionsWork(CatscriptFunctionArgsAndReturnEvalTest.java:62)

[ERROR] returnBoolWorksProperly  Time elapsed: 0.001 s  <<< ERROR!
java.lang.IllegalArgumentException: count is negative: -1
	at edu.montana.csci.csci468.eval.CatscriptFunctionArgsAndReturnEvalTest.returnBoolWorksProperly(CatscriptFunctionArgsAndReturnEvalTest.java:88)

[ERROR] returnObjectWorksProperly  Time elapsed: 0 s  <<< ERROR!
java.lang.IllegalArgumentException: count is negative: -1
	at edu.montana.csci.csci468.eval.CatscriptFunctionArgsAndReturnEvalTest.returnObjectWorksProperly(CatscriptFunctionArgsAndReturnEvalTest.java:72)

[ERROR] returnListWithComponentTypeWorksProperly  Time elapsed: 0 s  <<< ERROR!
java.lang.NullPointerException: Cannot invoke "edu.montana.csci.csci468.parser.CatscriptType.equals(Object)" because the return value of "edu.montana.csci.csci468.parser.expressions.Expression.getType()" is null
	at edu.montana.csci.csci468.eval.CatscriptFunctionArgsAndReturnEvalTest.returnListWithComponentTypeWorksProperly(CatscriptFunctionArgsAndReturnEvalTest.java:101)

[ERROR] returnListWorksProperly  Time elapsed: 0 s  <<< ERROR!
java.lang.IllegalArgumentException: count is negative: -1
	at edu.montana.csci.csci468.eval.CatscriptFunctionArgsAndReturnEvalTest.returnListWorksProperly(CatscriptFunctionArgsAndReturnEvalTest.java:94)

[ERROR] objectTypeArgWorksProperly  Time elapsed: 0 s  <<< ERROR!
java.lang.IllegalArgumentException: count is negative: -1
	at edu.montana.csci.csci468.eval.CatscriptFunctionArgsAndReturnEvalTest.objectTypeArgWorksProperly(CatscriptFunctionArgsAndReturnEvalTest.java:26)

[ERROR] voidFunctionWorksProperly  Time elapsed: 0.001 s  <<< ERROR!
java.lang.IllegalArgumentException: count is negative: -1
	at edu.montana.csci.csci468.eval.CatscriptFunctionArgsAndReturnEvalTest.voidFunctionWorksProperly(CatscriptFunctionArgsAndReturnEvalTest.java:12)

[ERROR] listTypeArgWorksProperly  Time elapsed: 0 s  <<< ERROR!
java.lang.IllegalArgumentException: count is negative: -1
	at edu.montana.csci.csci468.eval.CatscriptFunctionArgsAndReturnEvalTest.listTypeArgWorksProperly(CatscriptFunctionArgsAndReturnEvalTest.java:50)

[ERROR] intTypeArgWorksProperly  Time elapsed: 0 s  <<< ERROR!
java.lang.IllegalArgumentException: count is negative: -1
	at edu.montana.csci.csci468.eval.CatscriptFunctionArgsAndReturnEvalTest.intTypeArgWorksProperly(CatscriptFunctionArgsAndReturnEvalTest.java:32)

[ERROR] booleanTypeArgWorksProperly  Time elapsed: 0.001 s  <<< ERROR!
java.lang.IllegalArgumentException: count is negative: -1
	at edu.montana.csci.csci468.eval.CatscriptFunctionArgsAndReturnEvalTest.booleanTypeArgWorksProperly(CatscriptFunctionArgsAndReturnEvalTest.java:38)

[ERROR] returnIntWorksProperly  Time elapsed: 0 s  <<< ERROR!
java.lang.IllegalArgumentException: count is negative: -1
	at edu.montana.csci.csci468.eval.CatscriptFunctionArgsAndReturnEvalTest.returnIntWorksProperly(CatscriptFunctionArgsAndReturnEvalTest.java:82)

[INFO] 
[INFO] Results:
[INFO] 
[ERROR] Failures: 
[ERROR]   CatscriptParserSymbolCheckingTest.forVarConflict:40 expected: <This name is already used in this program> but was: <Unexpected Token>
[ERROR]   CatscriptParserTypeCheckingTest.assignmentTypeError:55 expected: <Incompatible types> but was: <This symbol is not defined>
[ERROR]   CatscriptParserTypeCheckingTest.typeInferenceWorksForVars:45 expected: <int> but was: <null>
[ERROR] Errors: 
[ERROR]   CatscriptBasicExpressionEvalTest.additiveStringExpressionEvaluatesProperly:43->CatscriptTestBase.evaluateExpression:96 » UnsupportedOperation
[ERROR]   CatscriptBasicExpressionEvalTest.comparisonExpressionEvaluatesProperly:51->CatscriptTestBase.evaluateExpression:96 » UnsupportedOperation
[ERROR]   CatscriptBasicExpressionEvalTest.equalityExpressionEvaluatesProperly:69->CatscriptTestBase.evaluateExpression:96 » UnsupportedOperation
[ERROR]   CatscriptBasicExpressionEvalTest.factorExpressionEvaluatesProperly:29->CatscriptTestBase.evaluateExpression:96 » UnsupportedOperation
[ERROR]   CatscriptBasicExpressionEvalTest.literalExpressionsEvaluatesProperly:15->CatscriptTestBase.evaluateExpression:96 » UnsupportedOperation
[ERROR]   CatscriptBasicExpressionEvalTest.unaryExpressionEvaluatesProperly:24->CatscriptTestBase.evaluateExpression:96 » UnsupportedOperation
[ERROR]   CatscriptFunctionArgsAndReturnEvalTest.booleanTypeArgWorksProperly:38->CatscriptTestBase.executeProgram:102 » IllegalArgument
[ERROR]   CatscriptFunctionArgsAndReturnEvalTest.intTypeArgWorksProperly:32->CatscriptTestBase.executeProgram:102 » IllegalArgument
[ERROR]   CatscriptFunctionArgsAndReturnEvalTest.listTypeArgWorksProperly:50->CatscriptTestBase.executeProgram:102 » IllegalArgument
[ERROR]   CatscriptFunctionArgsAndReturnEvalTest.listTypeWithComponentTypeArgWorksProperly:56->CatscriptTestBase.executeProgram:102 » NullPointer
[ERROR]   CatscriptFunctionArgsAndReturnEvalTest.mutliArgumentFunctionsWork:62->CatscriptTestBase.executeProgram:102 » IllegalArgument
[ERROR]   CatscriptFunctionArgsAndReturnEvalTest.noTypeArgWorksProperly:20->CatscriptTestBase.executeProgram:102 » IllegalArgument
[ERROR]   CatscriptFunctionArgsAndReturnEvalTest.objectTypeArgWorksProperly:26->CatscriptTestBase.executeProgram:102 » IllegalArgument
[ERROR]   CatscriptFunctionArgsAndReturnEvalTest.returnBoolWorksProperly:88->CatscriptTestBase.executeProgram:102 » IllegalArgument
[ERROR]   CatscriptFunctionArgsAndReturnEvalTest.returnIntWorksProperly:82->CatscriptTestBase.executeProgram:102 » IllegalArgument
[ERROR]   CatscriptFunctionArgsAndReturnEvalTest.returnListWithComponentTypeWorksProperly:101->CatscriptTestBase.executeProgram:102 » NullPointer
[ERROR]   CatscriptFunctionArgsAndReturnEvalTest.returnListWorksProperly:94->CatscriptTestBase.executeProgram:102 » IllegalArgument
[ERROR]   CatscriptFunctionArgsAndReturnEvalTest.returnObjectWorksProperly:72->CatscriptTestBase.executeProgram:102 » IllegalArgument
[ERROR]   CatscriptFunctionArgsAndReturnEvalTest.stringTypeArgWorksProperly:44->CatscriptTestBase.executeProgram:102 » IllegalArgument
[ERROR]   CatscriptFunctionArgsAndReturnEvalTest.voidFunctionWorksProperly:12->CatscriptTestBase.executeProgram:102 » IllegalArgument
[ERROR]   CatscriptStatementExecutionTest.forStatementWorksProperly:61->CatscriptTestBase.executeProgram:102 » ParseError
[ERROR]   CatscriptStatementExecutionTest.functionDeclarationWorksProperly:66->CatscriptTestBase.executeProgram:102 » IllegalArgument
[ERROR]   CatscriptStatementExecutionTest.ifStatementWorksProperly:24->CatscriptTestBase.executeProgram:102 » ParseError
[ERROR]   CatscriptStatementExecutionTest.localVarStatementsWorkProperly:43->CatscriptTestBase.executeProgram:102 » ParseError
[ERROR]   CatscriptStatementExecutionTest.printStatementWorksProperly:18->CatscriptTestBase.executeProgram:103 » UnsupportedOperation
[ERROR]   CatscriptStatementExecutionTest.recursiveFunctionWorksProperly:75->CatscriptTestBase.executeProgram:102 » NullPointer
[ERROR]   CatscriptStatementExecutionTest.returnStatementWorks:88->CatscriptTestBase.executeProgram:102 » IllegalArgument
[ERROR]   CatscriptStatementExecutionTest.varInsideFunctionWorksProperly:51->CatscriptTestBase.executeProgram:102 » IllegalArgument
[ERROR]   CatscriptStatementExecutionTest.varStatementWorksProperly:32->CatscriptTestBase.executeProgram:102 » ParseError
[ERROR]   CatscriptParserStatementsTest.elseStatementEnsuresClosingBrace:68 ClassCast cl...
[ERROR]   CatscriptParserStatementsTest.forStatementEnsuresClosingBrace:36 ClassCast cla...
[ERROR]   CatscriptParserStatementsTest.forStatementParses:27->CatscriptTestBase.parseStatement:41->CatscriptTestBase.parseStatement:45->CatscriptTestBase.parseStatement:56 » ParseError
[ERROR]   CatscriptParserStatementsTest.functionCallStatement:136 ClassCast class edu.mo...
[ERROR]   CatscriptParserStatementsTest.functionDefStatement:144->CatscriptTestBase.parseStatement:41->CatscriptTestBase.parseStatement:45->CatscriptTestBase.parseStatement:56 » IllegalArgument
[ERROR]   CatscriptParserStatementsTest.functionDefWithParamTypesStatement:166->CatscriptTestBase.parseStatement:41->CatscriptTestBase.parseStatement:45->CatscriptTestBase.parseStatement:56 » IllegalArgument
[ERROR]   CatscriptParserStatementsTest.functionDefWithParamsStatement:152->CatscriptTestBase.parseStatement:41->CatscriptTestBase.parseStatement:45->CatscriptTestBase.parseStatement:56 » IllegalArgument
[ERROR]   CatscriptParserStatementsTest.ifStatementEnsuresClosingBrace:52 ClassCast clas...
[ERROR]   CatscriptParserStatementsTest.ifStatementParses:43 ClassCast class edu.montana...
[ERROR]   CatscriptParserStatementsTest.ifStatementWithElseParses:59 ClassCast class edu...
[ERROR]   CatscriptParserStatementsTest.returnStatementExprInFunction:189->CatscriptTestBase.parseStatement:41->CatscriptTestBase.parseStatement:45->CatscriptTestBase.parseStatement:56 » IllegalArgument
[ERROR]   CatscriptParserStatementsTest.returnStatementNoExprInFunction:180->CatscriptTestBase.parseStatement:41->CatscriptTestBase.parseStatement:45->CatscriptTestBase.parseStatement:56 » IllegalArgument
[ERROR]   CatscriptParserStatementsTest.varStatementWithListType:119->CatscriptTestBase.parseStatement:41->CatscriptTestBase.parseStatement:45->CatscriptTestBase.parseStatement:56 » ParseError
[ERROR]   CatscriptParserSymbolCheckingTest.duplicateVarsErrors:16->CatscriptTestBase.getParseError:86 » IllegalState
[ERROR]   CatscriptParserSymbolCheckingTest.functionFunctionConflict:34->CatscriptTestBase.getParseError:85 » IllegalArgument
[ERROR]   CatscriptParserSymbolCheckingTest.functionVarConflict:28->CatscriptTestBase.getParseError:85 » IllegalArgument
[ERROR]   CatscriptParserSymbolCheckingTest.ifStatementBranchesDoNotConflic:59->CatscriptTestBase.parseStatement:41->CatscriptTestBase.parseStatement:45->CatscriptTestBase.parseStatement:56 » ParseError
[ERROR]   CatscriptParserSymbolCheckingTest.paramsConflictWithGlobalVars:46->CatscriptTestBase.getParseError:85 » IllegalArgument
[ERROR]   CatscriptParserSymbolCheckingTest.paramsDoNotConflictWithEachOther:52->CatscriptTestBase.parseStatement:41->CatscriptTestBase.parseStatement:45->CatscriptTestBase.parseStatement:56 » IllegalArgument
[ERROR]   CatscriptParserSymbolCheckingTest.varFunctionConflict:22->CatscriptTestBase.getParseError:85 » IllegalArgument
[ERROR]   CatscriptParserTypeCheckingTest.functionCallsWorkProperly:38->CatscriptTestBase.parseStatement:49->CatscriptTestBase.parseStatement:56 » IllegalArgument
[ERROR]   CatscriptParserTypeCheckingTest.identifiersWorkProperly:32->CatscriptTestBase.parseStatement:49->CatscriptTestBase.parseStatement:56 » ParseError
[ERROR]   CatscriptParserTypeCheckingTest.testBasicExpressionsHaveProperType:22->CatscriptTestBase.parseExpression:28->CatscriptTestBase.parseExpression:35 » ParseError
[ERROR]   CatscriptParserTypeCheckingTest.varTypeError:50->CatscriptTestBase.getParseError:86 » IllegalState
[INFO] 
[ERROR] Tests run: 116, Failures: 3, Errors: 53, Skipped: 0
[INFO] 
[INFO] ------------------------------------------------------------------------
[INFO] BUILD FAILURE
[INFO] ------------------------------------------------------------------------
[INFO] Total time:  1.430 s
[INFO] Finished at: 2024-03-20T14:51:34-06:00
[INFO] ------------------------------------------------------------------------
[ERROR] Failed to execute goal org.apache.maven.plugins:maven-surefire-plugin:2.22.1:test (default-test) on project csci-468-spring2022: There are test failures.
[ERROR] 
[ERROR] Please refer to /Users/carson/Projects/msu/csci-468-spring2024/grading/scripts/repos/diego_menegaz/target/surefire-reports for the individual test results.
[ERROR] Please refer to dump files (if any exist) [date].dump, [date]-jvmRun[N].dump and [date].dumpstream.
[ERROR] -> [Help 1]
[ERROR] 
[ERROR] To see the full stack trace of the errors, re-run Maven with the -e switch.
[ERROR] Re-run Maven using the -X switch to enable full debug logging.
[ERROR] 
[ERROR] For more information about the errors and possible solutions, please read the following articles:
[ERROR] [Help 1] http://cwiki.apache.org/confluence/display/MAVEN/MojoFailureException
